{"/home/nicholasess/internship-entria/lib/metaweather.js": {"path":"/home/nicholasess/internship-entria/lib/metaweather.js","statementMap":{"0":{"start":{"line":3,"column":0},"end":{"line":5,"column":3}},"1":{"start":{"line":6,"column":0},"end":{"line":6,"column":100}},"2":{"start":{"line":8,"column":0},"end":{"line":8,"column":26}},"3":{"start":{"line":10,"column":17},"end":{"line":10,"column":38}},"4":{"start":{"line":12,"column":18},"end":{"line":12,"column":52}},"5":{"start":{"line":14,"column":39},"end":{"line":14,"column":93}},"6":{"start":{"line":16,"column":33},"end":{"line":16,"column":456}},"7":{"start":{"line":16,"column":64},"end":{"line":16,"column":89}},"8":{"start":{"line":16,"column":91},"end":{"line":16,"column":453}},"9":{"start":{"line":16,"column":165},"end":{"line":16,"column":263}},"10":{"start":{"line":16,"column":182},"end":{"line":16,"column":195}},"11":{"start":{"line":16,"column":209},"end":{"line":16,"column":219}},"12":{"start":{"line":16,"column":239},"end":{"line":16,"column":253}},"13":{"start":{"line":16,"column":254},"end":{"line":16,"column":261}},"14":{"start":{"line":16,"column":264},"end":{"line":16,"column":426}},"15":{"start":{"line":16,"column":281},"end":{"line":16,"column":296}},"16":{"start":{"line":16,"column":306},"end":{"line":16,"column":424}},"17":{"start":{"line":16,"column":360},"end":{"line":16,"column":380}},"18":{"start":{"line":16,"column":401},"end":{"line":16,"column":420}},"19":{"start":{"line":16,"column":429},"end":{"line":16,"column":449}},"20":{"start":{"line":18,"column":18},"end":{"line":20,"column":1}},"21":{"start":{"line":22,"column":17},"end":{"line":26,"column":1}},"22":{"start":{"line":23,"column":12},"end":{"line":23,"column":41}},"23":{"start":{"line":24,"column":1},"end":{"line":24,"column":19}},"24":{"start":{"line":25,"column":1},"end":{"line":25,"column":13}},"25":{"start":{"line":28,"column":10},"end":{"line":30,"column":1}},"26":{"start":{"line":29,"column":1},"end":{"line":29,"column":73}},"27":{"start":{"line":32,"column":14},"end":{"line":34,"column":1}},"28":{"start":{"line":33,"column":1},"end":{"line":33,"column":41}},"29":{"start":{"line":36,"column":15},"end":{"line":61,"column":3}},"30":{"start":{"line":37,"column":12},"end":{"line":56,"column":4}},"31":{"start":{"line":39,"column":2},"end":{"line":55,"column":25}},"32":{"start":{"line":40,"column":3},"end":{"line":54,"column":4}},"33":{"start":{"line":41,"column":4},"end":{"line":53,"column":5}},"34":{"start":{"line":43,"column":6},"end":{"line":43,"column":24}},"35":{"start":{"line":44,"column":6},"end":{"line":44,"column":43}},"36":{"start":{"line":47,"column":6},"end":{"line":47,"column":27}},"37":{"start":{"line":48,"column":6},"end":{"line":48,"column":52}},"38":{"start":{"line":52,"column":6},"end":{"line":52,"column":29}},"39":{"start":{"line":58,"column":1},"end":{"line":60,"column":3}},"40":{"start":{"line":59,"column":2},"end":{"line":59,"column":37}},"41":{"start":{"line":63,"column":14},"end":{"line":99,"column":3}},"42":{"start":{"line":64,"column":13},"end":{"line":94,"column":4}},"43":{"start":{"line":66,"column":2},"end":{"line":93,"column":26}},"44":{"start":{"line":67,"column":3},"end":{"line":92,"column":4}},"45":{"start":{"line":68,"column":4},"end":{"line":91,"column":5}},"46":{"start":{"line":70,"column":6},"end":{"line":73,"column":7}},"47":{"start":{"line":71,"column":7},"end":{"line":71,"column":26}},"48":{"start":{"line":72,"column":7},"end":{"line":72,"column":13}},"49":{"start":{"line":75,"column":6},"end":{"line":75,"column":27}},"50":{"start":{"line":76,"column":6},"end":{"line":76,"column":25}},"51":{"start":{"line":77,"column":6},"end":{"line":77,"column":27}},"52":{"start":{"line":80,"column":6},"end":{"line":80,"column":28}},"53":{"start":{"line":82,"column":6},"end":{"line":82,"column":23}},"54":{"start":{"line":83,"column":6},"end":{"line":83,"column":46}},"55":{"start":{"line":86,"column":6},"end":{"line":86,"column":30}},"56":{"start":{"line":90,"column":6},"end":{"line":90,"column":30}},"57":{"start":{"line":96,"column":1},"end":{"line":98,"column":3}},"58":{"start":{"line":97,"column":2},"end":{"line":97,"column":38}},"59":{"start":{"line":101,"column":0},"end":{"line":101,"column":18}},"60":{"start":{"line":102,"column":0},"end":{"line":102,"column":26}},"61":{"start":{"line":103,"column":0},"end":{"line":103,"column":28}},"62":{"start":{"line":104,"column":0},"end":{"line":104,"column":26}},"63":{"start":{"line":105,"column":0},"end":{"line":105,"column":32}}},"fnMap":{"0":{"name":"_interopRequireDefault","decl":{"start":{"line":14,"column":9},"end":{"line":14,"column":31}},"loc":{"start":{"line":14,"column":37},"end":{"line":14,"column":95}},"line":14},"1":{"name":"_asyncToGenerator","decl":{"start":{"line":16,"column":9},"end":{"line":16,"column":26}},"loc":{"start":{"line":16,"column":31},"end":{"line":16,"column":458}},"line":16},"2":{"name":"(anonymous_2)","decl":{"start":{"line":16,"column":40},"end":{"line":16,"column":41}},"loc":{"start":{"line":16,"column":52},"end":{"line":16,"column":455}},"line":16},"3":{"name":"(anonymous_3)","decl":{"start":{"line":16,"column":110},"end":{"line":16,"column":111}},"loc":{"start":{"line":16,"column":137},"end":{"line":16,"column":451}},"line":16},"4":{"name":"step","decl":{"start":{"line":16,"column":148},"end":{"line":16,"column":152}},"loc":{"start":{"line":16,"column":163},"end":{"line":16,"column":428}},"line":16},"5":{"name":"(anonymous_5)","decl":{"start":{"line":16,"column":341},"end":{"line":16,"column":342}},"loc":{"start":{"line":16,"column":358},"end":{"line":16,"column":382}},"line":16},"6":{"name":"(anonymous_6)","decl":{"start":{"line":16,"column":384},"end":{"line":16,"column":385}},"loc":{"start":{"line":16,"column":399},"end":{"line":16,"column":422}},"line":16},"7":{"name":"prettyJson","decl":{"start":{"line":22,"column":26},"end":{"line":22,"column":36}},"loc":{"start":{"line":22,"column":43},"end":{"line":26,"column":1}},"line":22},"8":{"name":"api","decl":{"start":{"line":28,"column":19},"end":{"line":28,"column":22}},"loc":{"start":{"line":28,"column":29},"end":{"line":30,"column":1}},"line":28},"9":{"name":"hasArgs","decl":{"start":{"line":32,"column":23},"end":{"line":32,"column":30}},"loc":{"start":{"line":32,"column":37},"end":{"line":34,"column":1}},"line":32},"10":{"name":"(anonymous_10)","decl":{"start":{"line":36,"column":15},"end":{"line":36,"column":16}},"loc":{"start":{"line":36,"column":27},"end":{"line":61,"column":1}},"line":36},"11":{"name":"_callee","decl":{"start":{"line":37,"column":63},"end":{"line":37,"column":70}},"loc":{"start":{"line":37,"column":76},"end":{"line":56,"column":2}},"line":37},"12":{"name":"_callee$","decl":{"start":{"line":39,"column":42},"end":{"line":39,"column":50}},"loc":{"start":{"line":39,"column":61},"end":{"line":55,"column":3}},"line":39},"13":{"name":"fetchApi","decl":{"start":{"line":58,"column":17},"end":{"line":58,"column":25}},"loc":{"start":{"line":58,"column":30},"end":{"line":60,"column":2}},"line":58},"14":{"name":"(anonymous_14)","decl":{"start":{"line":63,"column":14},"end":{"line":63,"column":15}},"loc":{"start":{"line":63,"column":26},"end":{"line":99,"column":1}},"line":63},"15":{"name":"_callee2","decl":{"start":{"line":64,"column":64},"end":{"line":64,"column":72}},"loc":{"start":{"line":64,"column":79},"end":{"line":94,"column":2}},"line":64},"16":{"name":"_callee2$","decl":{"start":{"line":66,"column":42},"end":{"line":66,"column":51}},"loc":{"start":{"line":66,"column":63},"end":{"line":93,"column":3}},"line":66},"17":{"name":"execute","decl":{"start":{"line":96,"column":17},"end":{"line":96,"column":24}},"loc":{"start":{"line":96,"column":30},"end":{"line":98,"column":2}},"line":96}},"branchMap":{"0":{"loc":{"start":{"line":14,"column":46},"end":{"line":14,"column":92}},"type":"cond-expr","locations":[{"start":{"line":14,"column":70},"end":{"line":14,"column":73}},{"start":{"line":14,"column":76},"end":{"line":14,"column":92}}],"line":14},"1":{"loc":{"start":{"line":14,"column":46},"end":{"line":14,"column":67}},"type":"binary-expr","locations":[{"start":{"line":14,"column":46},"end":{"line":14,"column":49}},{"start":{"line":14,"column":53},"end":{"line":14,"column":67}}],"line":14},"2":{"loc":{"start":{"line":16,"column":264},"end":{"line":16,"column":426}},"type":"if","locations":[{"start":{"line":16,"column":264},"end":{"line":16,"column":426}},{"start":{"line":16,"column":264},"end":{"line":16,"column":426}}],"line":16},"3":{"loc":{"start":{"line":33,"column":8},"end":{"line":33,"column":40}},"type":"binary-expr","locations":[{"start":{"line":33,"column":8},"end":{"line":33,"column":21}},{"start":{"line":33,"column":25},"end":{"line":33,"column":40}}],"line":33},"4":{"loc":{"start":{"line":41,"column":4},"end":{"line":53,"column":5}},"type":"switch","locations":[{"start":{"line":42,"column":5},"end":{"line":44,"column":43}},{"start":{"line":46,"column":5},"end":{"line":48,"column":52}},{"start":{"line":50,"column":5},"end":{"line":50,"column":12}},{"start":{"line":51,"column":5},"end":{"line":52,"column":29}}],"line":41},"5":{"loc":{"start":{"line":68,"column":4},"end":{"line":91,"column":5}},"type":"switch","locations":[{"start":{"line":69,"column":5},"end":{"line":77,"column":27}},{"start":{"line":79,"column":5},"end":{"line":83,"column":46}},{"start":{"line":85,"column":5},"end":{"line":86,"column":30}},{"start":{"line":88,"column":5},"end":{"line":88,"column":13}},{"start":{"line":89,"column":5},"end":{"line":90,"column":30}}],"line":68},"6":{"loc":{"start":{"line":70,"column":6},"end":{"line":73,"column":7}},"type":"if","locations":[{"start":{"line":70,"column":6},"end":{"line":73,"column":7}},{"start":{"line":70,"column":6},"end":{"line":73,"column":7}}],"line":70}},"s":{"0":1,"1":1,"2":1,"3":1,"4":1,"5":1,"6":2,"7":3,"8":3,"9":3,"10":3,"11":3,"12":0,"13":0,"14":3,"15":0,"16":3,"17":0,"18":0,"19":3,"20":1,"21":1,"22":0,"23":0,"24":0,"25":1,"26":2,"27":1,"28":3,"29":1,"30":1,"31":2,"32":2,"33":2,"34":2,"35":2,"36":0,"37":0,"38":0,"39":1,"40":2,"41":1,"42":1,"43":1,"44":1,"45":1,"46":1,"47":0,"48":0,"49":1,"50":1,"51":1,"52":0,"53":0,"54":0,"55":0,"56":0,"57":1,"58":1,"59":1,"60":1,"61":1,"62":1,"63":1},"f":{"0":1,"1":2,"2":3,"3":3,"4":3,"5":0,"6":0,"7":0,"8":2,"9":3,"10":1,"11":2,"12":2,"13":2,"14":1,"15":1,"16":1,"17":1},"b":{"0":[0,1],"1":[1,1],"2":[0,3],"3":[3,2],"4":[2,0,0,0],"5":[1,0,0,0,0],"6":[0,1]},"_coverageSchema":"332fd63041d2c1bcb487cc26dd0d5f7d97098a6c","hash":"93f95ec3524b26c9c85886054c1b5ed9b85ab06e"}
,"/home/nicholasess/internship-entria/src/metaweather.js": {"path":"/home/nicholasess/internship-entria/src/metaweather.js","statementMap":{"0":{"start":{"line":4,"column":20},"end":{"line":6,"column":1}},"1":{"start":{"line":8,"column":17},"end":{"line":12,"column":1}},"2":{"start":{"line":9,"column":12},"end":{"line":9,"column":41}},"3":{"start":{"line":10,"column":1},"end":{"line":10,"column":18}},"4":{"start":{"line":11,"column":1},"end":{"line":11,"column":13}},"5":{"start":{"line":14,"column":10},"end":{"line":16,"column":1}},"6":{"start":{"line":15,"column":1},"end":{"line":15,"column":72}},"7":{"start":{"line":18,"column":14},"end":{"line":20,"column":1}},"8":{"start":{"line":19,"column":1},"end":{"line":19,"column":40}},"9":{"start":{"line":22,"column":15},"end":{"line":25,"column":1}},"10":{"start":{"line":23,"column":12},"end":{"line":23,"column":28}},"11":{"start":{"line":24,"column":1},"end":{"line":24,"column":19}},"12":{"start":{"line":27,"column":14},"end":{"line":39,"column":1}},"13":{"start":{"line":29,"column":0},"end":{"line":37,"column":1}},"14":{"start":{"line":30,"column":11},"end":{"line":30,"column":25}},"15":{"start":{"line":31,"column":12},"end":{"line":31,"column":31}},"16":{"start":{"line":32,"column":1},"end":{"line":32,"column":17}},"17":{"start":{"line":33,"column":1},"end":{"line":33,"column":13}},"18":{"start":{"line":36,"column":1},"end":{"line":36,"column":24}}},"fnMap":{"0":{"name":"(anonymous_0)","decl":{"start":{"line":8,"column":17},"end":{"line":8,"column":18}},"loc":{"start":{"line":8,"column":27},"end":{"line":12,"column":1}},"line":8},"1":{"name":"(anonymous_1)","decl":{"start":{"line":14,"column":10},"end":{"line":14,"column":11}},"loc":{"start":{"line":14,"column":20},"end":{"line":16,"column":1}},"line":14},"2":{"name":"(anonymous_2)","decl":{"start":{"line":18,"column":14},"end":{"line":18,"column":15}},"loc":{"start":{"line":18,"column":24},"end":{"line":20,"column":1}},"line":18},"3":{"name":"(anonymous_3)","decl":{"start":{"line":22,"column":15},"end":{"line":22,"column":16}},"loc":{"start":{"line":22,"column":30},"end":{"line":25,"column":1}},"line":22},"4":{"name":"(anonymous_4)","decl":{"start":{"line":27,"column":14},"end":{"line":27,"column":15}},"loc":{"start":{"line":27,"column":30},"end":{"line":39,"column":1}},"line":27}},"branchMap":{"0":{"loc":{"start":{"line":19,"column":8},"end":{"line":19,"column":40}},"type":"binary-expr","locations":[{"start":{"line":19,"column":8},"end":{"line":19,"column":21}},{"start":{"line":19,"column":25},"end":{"line":19,"column":40}}],"line":19},"1":{"loc":{"start":{"line":29,"column":0},"end":{"line":37,"column":1}},"type":"if","locations":[{"start":{"line":29,"column":0},"end":{"line":37,"column":1}},{"start":{"line":29,"column":0},"end":{"line":37,"column":1}}],"line":29}},"s":{"0":1,"1":1,"2":0,"3":0,"4":0,"5":1,"6":2,"7":1,"8":3,"9":1,"10":2,"11":0,"12":1,"13":1,"14":1,"15":1,"16":0,"17":0,"18":0},"f":{"0":0,"1":2,"2":3,"3":2,"4":1},"b":{"0":[3,2],"1":[1,0]},"_coverageSchema":"332fd63041d2c1bcb487cc26dd0d5f7d97098a6c","hash":"896ce7037ca559df5f554e73b8f674a821a5af1f"}
}
