TN:
SF:/home/nicholasess/internship-entria/lib/metaweather.js
FN:14,_interopRequireDefault
FN:16,_asyncToGenerator
FN:16,(anonymous_2)
FN:16,(anonymous_3)
FN:16,step
FN:16,(anonymous_5)
FN:16,(anonymous_6)
FN:22,prettyJson
FN:28,api
FN:32,hasArgs
FN:36,(anonymous_10)
FN:37,_callee
FN:39,_callee$
FN:58,fetchApi
FN:63,(anonymous_14)
FN:64,_callee2
FN:66,_callee2$
FN:96,execute
FNF:18
FNH:15
FNDA:1,_interopRequireDefault
FNDA:2,_asyncToGenerator
FNDA:3,(anonymous_2)
FNDA:3,(anonymous_3)
FNDA:3,step
FNDA:0,(anonymous_5)
FNDA:0,(anonymous_6)
FNDA:0,prettyJson
FNDA:2,api
FNDA:3,hasArgs
FNDA:1,(anonymous_10)
FNDA:2,_callee
FNDA:2,_callee$
FNDA:2,fetchApi
FNDA:1,(anonymous_14)
FNDA:1,_callee2
FNDA:1,_callee2$
FNDA:1,execute
DA:3,1
DA:6,1
DA:8,1
DA:10,1
DA:12,1
DA:14,1
DA:16,3
DA:18,1
DA:22,1
DA:23,0
DA:24,0
DA:25,0
DA:28,1
DA:29,2
DA:32,1
DA:33,3
DA:36,1
DA:37,1
DA:39,2
DA:40,2
DA:41,2
DA:43,2
DA:44,2
DA:47,0
DA:48,0
DA:52,0
DA:58,1
DA:59,2
DA:63,1
DA:64,1
DA:66,1
DA:67,1
DA:68,1
DA:70,1
DA:71,0
DA:72,0
DA:75,1
DA:76,1
DA:77,1
DA:80,0
DA:82,0
DA:83,0
DA:86,0
DA:90,0
DA:96,1
DA:97,1
DA:101,1
DA:102,1
DA:103,1
DA:104,1
DA:105,1
LF:51
LH:38
BRDA:14,0,0,0
BRDA:14,0,1,1
BRDA:14,1,0,1
BRDA:14,1,1,1
BRDA:16,2,0,0
BRDA:16,2,1,3
BRDA:33,3,0,3
BRDA:33,3,1,2
BRDA:41,4,0,2
BRDA:41,4,1,0
BRDA:41,4,2,0
BRDA:41,4,3,0
BRDA:68,5,0,1
BRDA:68,5,1,0
BRDA:68,5,2,0
BRDA:68,5,3,0
BRDA:68,5,4,0
BRDA:70,6,0,0
BRDA:70,6,1,1
BRF:19
BRH:9
end_of_record
TN:
SF:/home/nicholasess/internship-entria/src/metaweather.js
FN:8,(anonymous_0)
FN:14,(anonymous_1)
FN:18,(anonymous_2)
FN:22,(anonymous_3)
FN:27,(anonymous_4)
FNF:5
FNH:4
FNDA:0,(anonymous_0)
FNDA:2,(anonymous_1)
FNDA:3,(anonymous_2)
FNDA:2,(anonymous_3)
FNDA:1,(anonymous_4)
DA:4,1
DA:8,1
DA:9,0
DA:10,0
DA:11,0
DA:14,1
DA:15,2
DA:18,1
DA:19,3
DA:22,1
DA:23,2
DA:24,0
DA:27,1
DA:29,1
DA:30,1
DA:31,1
DA:32,0
DA:33,0
DA:36,0
LF:19
LH:12
BRDA:19,0,0,3
BRDA:19,0,1,2
BRDA:29,1,0,1
BRDA:29,1,1,0
BRF:4
BRH:3
end_of_record
